2014-02-26 15:52:51,226 - [INFO] - from play in main 
Application started (Prod)

2014-02-26 15:52:51,312 - [INFO] - from play in main 
Listening for HTTP on /0:0:0:0:0:0:0:0:9000

2014-02-26 15:59:06,794 - [ERROR] - from akka.actor.ActorSystemImpl in play-akka.actor.default-dispatcher-8 
Uncaught error from thread [play-akka.actor.default-dispatcher-6] shutting down JVM since 'akka.jvm-exit-on-fatal-error' is enabled
java.lang.ExceptionInInitializerError: null
	at Routes$$anonfun$routes$1$$anonfun$applyOrElse$1$$anonfun$apply$1.apply(routes_routing.scala:65) ~[lab3.lab3-1.0-SNAPSHOT.jar:na]
	at Routes$$anonfun$routes$1$$anonfun$applyOrElse$1$$anonfun$apply$1.apply(routes_routing.scala:65) ~[lab3.lab3-1.0-SNAPSHOT.jar:na]
	at play.core.Router$HandlerInvoker$$anon$7$$anon$2.invocation(Router.scala:183) ~[com.typesafe.play.play_2.10-2.2.0.jar:2.2.0]
	at play.core.Router$Routes$$anon$1.invocation(Router.scala:377) ~[com.typesafe.play.play_2.10-2.2.0.jar:2.2.0]
	at play.core.j.JavaAction$$anon$1.call(JavaAction.scala:56) ~[com.typesafe.play.play_2.10-2.2.0.jar:2.2.0]
	at play.core.j.JavaAction$$anon$3.apply(JavaAction.scala:91) ~[com.typesafe.play.play_2.10-2.2.0.jar:2.2.0]
	at play.core.j.JavaAction$$anon$3.apply(JavaAction.scala:90) ~[com.typesafe.play.play_2.10-2.2.0.jar:2.2.0]
	at play.core.j.FPromiseHelper$$anonfun$flatMap$1.apply(FPromiseHelper.scala:82) ~[com.typesafe.play.play_2.10-2.2.0.jar:2.2.0]
	at play.core.j.FPromiseHelper$$anonfun$flatMap$1.apply(FPromiseHelper.scala:82) ~[com.typesafe.play.play_2.10-2.2.0.jar:2.2.0]
	at scala.concurrent.Future$$anonfun$flatMap$1.apply(Future.scala:278) ~[org.scala-lang.scala-library-2.10.2.jar:na]
	at scala.concurrent.Future$$anonfun$flatMap$1.apply(Future.scala:274) ~[org.scala-lang.scala-library-2.10.2.jar:na]
	at scala.concurrent.impl.CallbackRunnable.run(Promise.scala:29) ~[org.scala-lang.scala-library-2.10.2.jar:na]
	at play.core.j.HttpExecutionContext$$anon$2.run(HttpExecutionContext.scala:37) ~[com.typesafe.play.play_2.10-2.2.0.jar:2.2.0]
	at akka.dispatch.TaskInvocation.run(AbstractDispatcher.scala:42) ~[com.typesafe.akka.akka-actor_2.10-2.2.0.jar:2.2.0]
	at akka.dispatch.ForkJoinExecutorConfigurator$AkkaForkJoinTask.exec(AbstractDispatcher.scala:386) [com.typesafe.akka.akka-actor_2.10-2.2.0.jar:2.2.0]
	at scala.concurrent.forkjoin.ForkJoinTask.doExec(ForkJoinTask.java:260) [org.scala-lang.scala-library-2.10.2.jar:na]
	at scala.concurrent.forkjoin.ForkJoinPool$WorkQueue.runTask(ForkJoinPool.java:1339) [org.scala-lang.scala-library-2.10.2.jar:na]
	at scala.concurrent.forkjoin.ForkJoinPool.runWorker(ForkJoinPool.java:1979) [org.scala-lang.scala-library-2.10.2.jar:na]
	at scala.concurrent.forkjoin.ForkJoinWorkerThread.run(ForkJoinWorkerThread.java:107) [org.scala-lang.scala-library-2.10.2.jar:na]
Caused by: java.lang.NullPointerException: null
	at models.LeitorDeDisciplinas.lerArquivo(LeitorDeDisciplinas.java:49) ~[lab3.lab3-1.0-SNAPSHOT.jar:1.0-SNAPSHOT]
	at models.LeitorDeDisciplinas.<init>(LeitorDeDisciplinas.java:31) ~[lab3.lab3-1.0-SNAPSHOT.jar:1.0-SNAPSHOT]
	at models.LeitorDeDisciplinas.getInstance(LeitorDeDisciplinas.java:82) ~[lab3.lab3-1.0-SNAPSHOT.jar:1.0-SNAPSHOT]
	at models.GradeCurricular.<init>(GradeCurricular.java:20) ~[lab3.lab3-1.0-SNAPSHOT.jar:1.0-SNAPSHOT]
	at models.PlanejamentoDeCurso.<init>(PlanejamentoDeCurso.java:33) ~[lab3.lab3-1.0-SNAPSHOT.jar:1.0-SNAPSHOT]
	at controllers.Application.<clinit>(Application.java:12) ~[lab3.lab3-1.0-SNAPSHOT.jar:1.0-SNAPSHOT]
	... 19 common frames omitted

2014-02-26 16:00:55,230 - [INFO] - from play in main 
Application started (Prod)

2014-02-26 16:00:55,307 - [INFO] - from play in main 
Listening for HTTP on /0:0:0:0:0:0:0:0:9000

