2014-02-26 22:01:00,365 - [INFO] - from play in pool-4-thread-3 
Listening for HTTP on /0:0:0:0:0:0:0:0:9000

2014-02-26 22:01:30,832 - [INFO] - from play in play-internal-execution-context-1 
Application started (Dev)

2014-02-26 22:16:47,352 - [INFO] - from play in play-internal-execution-context-1 
Application started (Dev)

2014-02-26 22:17:16,203 - [INFO] - from play in play-internal-execution-context-1 
Application started (Dev)

2014-02-26 22:18:57,797 - [ERROR] - from application in New I/O worker #2 


! @6hcl99c1m - Internal server error, for (GET) [/planejamentoDeCurso] ->

play.PlayExceptions$CompilationException: Compilation error[illegal start of simple expression]
	at play.PlayReloader$$anon$1$$anonfun$reload$2$$anonfun$apply$14$$anonfun$apply$16.apply(PlayReloader.scala:304) ~[na:na]
	at play.PlayReloader$$anon$1$$anonfun$reload$2$$anonfun$apply$14$$anonfun$apply$16.apply(PlayReloader.scala:304) ~[na:na]
	at scala.Option.map(Option.scala:145) ~[scala-library.jar:na]
	at play.PlayReloader$$anon$1$$anonfun$reload$2$$anonfun$apply$14.apply(PlayReloader.scala:304) ~[na:na]
	at play.PlayReloader$$anon$1$$anonfun$reload$2$$anonfun$apply$14.apply(PlayReloader.scala:298) ~[na:na]
	at scala.Option.map(Option.scala:145) ~[scala-library.jar:na]
	at play.PlayReloader$$anon$1$$anonfun$reload$2.apply(PlayReloader.scala:298) ~[na:na]
	at play.PlayReloader$$anon$1$$anonfun$reload$2.apply(PlayReloader.scala:296) ~[na:na]
	at scala.util.Either$LeftProjection.map(Either.scala:377) ~[scala-library.jar:na]
	at play.PlayReloader$$anon$1.reload(PlayReloader.scala:296) ~[na:na]
	at play.core.ReloadableApplication$$anonfun$get$1.apply(ApplicationProvider.scala:104) ~[play_2.10.jar:2.2.1]
	at play.core.ReloadableApplication$$anonfun$get$1.apply(ApplicationProvider.scala:102) ~[play_2.10.jar:2.2.1]
	at scala.concurrent.impl.Future$PromiseCompletingRunnable.liftedTree1$1(Future.scala:24) ~[scala-library.jar:na]
	at scala.concurrent.impl.Future$PromiseCompletingRunnable.run(Future.scala:24) ~[scala-library.jar:na]
	at scala.concurrent.forkjoin.ForkJoinTask$AdaptedRunnableAction.exec(ForkJoinTask.java:1361) ~[scala-library.jar:na]
	at scala.concurrent.forkjoin.ForkJoinTask.doExec(ForkJoinTask.java:260) ~[scala-library.jar:na]
	at scala.concurrent.forkjoin.ForkJoinPool$WorkQueue.runTask(ForkJoinPool.java:1339) ~[scala-library.jar:na]
	at scala.concurrent.forkjoin.ForkJoinPool.runWorker(ForkJoinPool.java:1979) ~[scala-library.jar:na]
	at scala.concurrent.forkjoin.ForkJoinWorkerThread.run(ForkJoinWorkerThread.java:107) ~[scala-library.jar:na]

2014-02-26 22:19:21,077 - [INFO] - from play in play-internal-execution-context-1 
Application started (Dev)

2014-02-26 22:19:59,916 - [INFO] - from play in play-internal-execution-context-1 
Application started (Dev)

2014-02-26 22:21:00,165 - [INFO] - from play in play-internal-execution-context-1 
Application started (Dev)

